<?xml version="1.0" encoding="UTF-8"?>
<!-- Generated by org.testng.reporters.JUnitXMLReporter -->
<testsuite ignored="0" hostname="IPLCEWKS03251" failures="0" tests="3" name="Rest Assured API Automation Test" time="13.687" errors="0" timestamp="2024-05-24T12:19:05 IST">
  <testcase classname="api.tests.UserTests" name="testGetAllUsers" time="11.366"/>
  <testcase classname="api.tests.UserTests" name="testGetSingleUser" time="0.222"/>
  <testcase classname="api.tests.UserTests" name="testPostCreateUser" time="0.812"/>
</testsuite> <!-- Rest Assured API Automation Test -->
