<?xml version="1.0" encoding="UTF-8"?>
<!-- Generated by org.testng.reporters.JUnitXMLReporter -->
<testsuite ignored="0" hostname="IPLCEWKS03251" failures="0" tests="3" name="Rest Assured API Automation Test" time="9.804" errors="0" timestamp="2024-05-24T12:15:23 IST">
  <testcase classname="api.tests.UserTests" name="testGetAllUsers" time="8.387"/>
  <testcase classname="api.tests.UserTests" name="testGetSingleUser" time="0.251"/>
  <testcase classname="api.tests.UserTests" name="testPostCreateUser" time="0.79"/>
</testsuite> <!-- Rest Assured API Automation Test -->
