<?xml version="1.0" encoding="UTF-8"?>
<testsuite xmlns:xsi="http://www.w3.org/2001/XMLSchema-instance" xsi:noNamespaceSchemaLocation="https://maven.apache.org/surefire/maven-surefire-plugin/xsd/surefire-test-report-3.0.xsd" version="3.0" name="TestSuite" time="13.43" tests="3" errors="0" skipped="0" failures="0">
  <properties>
[...]
</properties>
  <testcase name="testGetAllUsers" classname="api.tests.UserTests" time="8.394">
    <system-out><![CDATA[Test Suite started
HTTP/1.1 200 OK
Date: Fri, 24 May 2024 06:45:16 GMT
Content-Type: application/json; charset=utf-8
Transfer-Encoding: chunked
Connection: keep-alive
Report-To: {"group":"heroku-nel","max_age":3600,"endpoints":[{"url":"https://nel.heroku.com/reports?ts=1716375388&sid=c4c9725f-1ab0-44d8-820f-430df2718e11&s=xDbSA16CghBOw4nZ%2Bam4fJ%2BaIXmApK1dS7IKfcr4q80%3D"}]}
Reporting-Endpoints: heroku-nel=https://nel.heroku.com/reports?ts=1716375388&sid=c4c9725f-1ab0-44d8-820f-430df2718e11&s=xDbSA16CghBOw4nZ%2Bam4fJ%2BaIXmApK1dS7IKfcr4q80%3D
Nel: {"report_to":"heroku-nel","max_age":3600,"success_fraction":0.005,"failure_fraction":0.05,"response_headers":["Via"]}
X-Powered-By: Express
Access-Control-Allow-Origin: *
Etag: W/"406-ut0vzoCuidvyMf8arZpMpJ6ZRDw"
Via: 1.1 vegur
Cache-Control: max-age=14400
CF-Cache-Status: HIT
Age: 5831
Vary: Accept-Encoding
Server: cloudflare
CF-RAY: 888b5268cbaa4437-BOM
Content-Encoding: gzip

{
    "page": 2,
    "per_page": 6,
    "total": 12,
    "total_pages": 2,
    "data": [
        {
            "id": 7,
            "email": "michael.lawson@reqres.in",
            "first_name": "Michael",
            "last_name": "Lawson",
            "avatar": "https://reqres.in/img/faces/7-image.jpg"
        },
        {
            "id": 8,
            "email": "lindsay.ferguson@reqres.in",
            "first_name": "Lindsay",
            "last_name": "Ferguson",
            "avatar": "https://reqres.in/img/faces/8-image.jpg"
        },
        {
            "id": 9,
            "email": "tobias.funke@reqres.in",
            "first_name": "Tobias",
            "last_name": "Funke",
            "avatar": "https://reqres.in/img/faces/9-image.jpg"
        },
        {
            "id": 10,
            "email": "byron.fields@reqres.in",
            "first_name": "Byron",
            "last_name": "Fields",
            "avatar": "https://reqres.in/img/faces/10-image.jpg"
        },
        {
            "id": 11,
            "email": "george.edwards@reqres.in",
            "first_name": "George",
            "last_name": "Edwards",
            "avatar": "https://reqres.in/img/faces/11-image.jpg"
        },
        {
            "id": 12,
            "email": "rachel.howell@reqres.in",
            "first_name": "Rachel",
            "last_name": "Howell",
            "avatar": "https://reqres.in/img/faces/12-image.jpg"
        }
    ],
    "support": {
        "url": "https://reqres.in/#support-heading",
        "text": "To keep ReqRes free, contributions towards server costs are appreciated!"
    }
}
]]></system-out>
  </testcase>
  <testcase name="testGetSingleUser" classname="api.tests.UserTests" time="0.253">
    <system-out><![CDATA[HTTP/1.1 200 OK
Date: Fri, 24 May 2024 06:45:16 GMT
Content-Type: application/json; charset=utf-8
Transfer-Encoding: chunked
Connection: keep-alive
Report-To: {"group":"heroku-nel","max_age":3600,"endpoints":[{"url":"https://nel.heroku.com/reports?ts=1716515926&sid=c4c9725f-1ab0-44d8-820f-430df2718e11&s=F5VTgmlXSBKRqjULVjxvODQLrn689By%2Bep4T68ecejk%3D"}]}
Reporting-Endpoints: heroku-nel=https://nel.heroku.com/reports?ts=1716515926&sid=c4c9725f-1ab0-44d8-820f-430df2718e11&s=F5VTgmlXSBKRqjULVjxvODQLrn689By%2Bep4T68ecejk%3D
Nel: {"report_to":"heroku-nel","max_age":3600,"success_fraction":0.005,"failure_fraction":0.05,"response_headers":["Via"]}
X-Powered-By: Express
Access-Control-Allow-Origin: *
Etag: W/"118-pbdwwFo9SKNhD3Lx5iHJyngpq00"
Via: 1.1 vegur
Cache-Control: max-age=14400
CF-Cache-Status: HIT
Age: 2776
Vary: Accept-Encoding
Server: cloudflare
CF-RAY: 888b526befc34421-BOM
Content-Encoding: gzip

{
    "data": {
        "id": 2,
        "email": "janet.weaver@reqres.in",
        "first_name": "Janet",
        "last_name": "Weaver",
        "avatar": "https://reqres.in/img/faces/2-image.jpg"
    },
    "support": {
        "url": "https://reqres.in/#support-heading",
        "text": "To keep ReqRes free, contributions towards server costs are appreciated!"
    }
}
]]></system-out>
  </testcase>
  <testcase name="testPostCreateUser" classname="api.tests.UserTests" time="0.791">
    <system-out><![CDATA[HTTP/1.1 201 Created
Date: Fri, 24 May 2024 06:45:17 GMT
Content-Type: application/json; charset=utf-8
Content-Length: 117
Connection: keep-alive
Report-To: {"group":"heroku-nel","max_age":3600,"endpoints":[{"url":"https://nel.heroku.com/reports?ts=1716533117&sid=c4c9725f-1ab0-44d8-820f-430df2718e11&s=PVMDy6hH%2FOzQt%2Bv0knBWujVQwy0WwuNWYCZobq8hiV0%3D"}]}
Reporting-Endpoints: heroku-nel=https://nel.heroku.com/reports?ts=1716533117&sid=c4c9725f-1ab0-44d8-820f-430df2718e11&s=PVMDy6hH%2FOzQt%2Bv0knBWujVQwy0WwuNWYCZobq8hiV0%3D
Nel: {"report_to":"heroku-nel","max_age":3600,"success_fraction":0.005,"failure_fraction":0.05,"response_headers":["Via"]}
X-Powered-By: Express
Access-Control-Allow-Origin: *
Etag: W/"75-qHPp23ONkbXMZiaiLM9dNRX8kwM"
Via: 1.1 vegur
CF-Cache-Status: DYNAMIC
Server: cloudflare
CF-RAY: 888b526f3d7941a4-BOM

{
    "username": "hui.kautzer",
    "jobname": "Dynamic Assurance Supervisor",
    "id": "540",
    "createdAt": "2024-05-24T06:45:17.514Z"
}
]]></system-out>
  </testcase>
</testsuite>