<?xml version="1.0" encoding="UTF-8"?>
<testng-results ignored="0" total="3" passed="3" failed="0" skipped="0">
  <reporter-output>
  </reporter-output>
  <suite started-at="2024-05-24T12:15:11 IST" name="Rest Assured API Test Suite" finished-at="2024-05-24T12:15:21 IST" duration-ms="9804">
    <groups>
    </groups>
    <test started-at="2024-05-24T12:15:11 IST" name="Rest Assured API Automation Test" finished-at="2024-05-24T12:15:21 IST" duration-ms="9804">
      <class name="api.tests.UserTests">
        <test-method is-config="true" signature="setupData()[pri:0, instance:api.tests.UserTests@2fb3536e]" started-at="2024-05-24T12:15:11 IST" name="setupData" finished-at="2024-05-24T12:15:12 IST" duration-ms="332" status="PASS">
          <reporter-output>
          </reporter-output>
        </test-method> <!-- setupData -->
        <test-method signature="testGetAllUsers()[pri:1, instance:api.tests.UserTests@2fb3536e]" started-at="2024-05-24T12:15:12 IST" name="testGetAllUsers" finished-at="2024-05-24T12:15:20 IST" duration-ms="8387" status="PASS">
          <reporter-output>
          </reporter-output>
        </test-method> <!-- testGetAllUsers -->
        <test-method signature="testGetSingleUser()[pri:2, instance:api.tests.UserTests@2fb3536e]" started-at="2024-05-24T12:15:20 IST" name="testGetSingleUser" finished-at="2024-05-24T12:15:20 IST" duration-ms="251" status="PASS">
          <reporter-output>
          </reporter-output>
        </test-method> <!-- testGetSingleUser -->
        <test-method signature="testPostCreateUser()[pri:3, instance:api.tests.UserTests@2fb3536e]" started-at="2024-05-24T12:15:20 IST" name="testPostCreateUser" finished-at="2024-05-24T12:15:21 IST" duration-ms="790" status="PASS">
          <reporter-output>
          </reporter-output>
        </test-method> <!-- testPostCreateUser -->
      </class> <!-- api.tests.UserTests -->
    </test> <!-- Rest Assured API Automation Test -->
  </suite> <!-- Rest Assured API Test Suite -->
</testng-results>
